#
# A fatal error has been detected by the Java Runtime Environment:
#
#  Internal Error (javaClasses.cpp:136), pid=9064, tid=8464
#  fatal error: Invalid layout of preloaded class
#
# JRE version:  (7.0_45-b18) (build )
# Java VM: Java HotSpot(TM) 64-Bit Server VM (24.45-b08 mixed mode windows-amd64 compressed oops)
# Failed to write core dump. Minidumps are not enabled by default on client versions of Windows
#
# If you would like to submit a bug report, please visit:
#   http://bugreport.sun.com/bugreport/crash.jsp
#

---------------  T H R E A D  ---------------

Current thread (0x0000000002678800):  JavaThread "Unknown thread" [_thread_in_vm, id=8464, stack(0x00000000029f0000,0x0000000002af0000)]

Stack: [0x00000000029f0000,0x0000000002af0000]

---------------  P R O C E S S  ---------------

Java Threads: ( => current thread )

Other Threads:

=>0x0000000002678800 (exited) JavaThread "Unknown thread" [_thread_in_vm, id=8464, stack(0x00000000029f0000,0x0000000002af0000)]

VM state:not at safepoint (not fully initialized)

VM Mutex/Monitor currently owned by a thread: None

GC Heap History (0 events):
No events

Deoptimization events (0 events):
No events

Internal exceptions (0 events):
No events

Events (10 events):
Event: 0.011 loading class 0x0000000009eb0760 done
Event: 0.012 loading class 0x0000000009eb0180 done
Event: 0.012 loading class 0x0000000009eb0160
Event: 0.012 loading class 0x0000000009eb8260
Event: 0.012 loading class 0x0000000009eb8260 done
Event: 0.012 loading class 0x0000000009eb8290
Event: 0.012 loading class 0x0000000009eb8290 done
Event: 0.012 loading class 0x0000000009eb82c0
Event: 0.012 loading class 0x0000000009eb82c0 done
Event: 0.012 loading class 0x0000000009eb0160 done


Dynamic libraries:
0x000000013f600000 - 0x000000013f633000 	C:\Program Files\DS-5\sw\java\bin\javaw.exe
0x0000000077330000 - 0x00000000774d9000 	C:\windows\SYSTEM32\ntdll.dll
0x0000000077110000 - 0x000000007722f000 	C:\windows\system32\kernel32.dll
0x000007fefc230000 - 0x000007fefc29c000 	C:\windows\system32\KERNELBASE.dll
0x000007fefd1f0000 - 0x000007fefd2cb000 	C:\windows\system32\ADVAPI32.dll
0x000007fefce60000 - 0x000007fefceff000 	C:\windows\system32\msvcrt.dll
0x000007fefce20000 - 0x000007fefce3f000 	C:\windows\SYSTEM32\sechost.dll
0x000007fefccf0000 - 0x000007fefce1d000 	C:\windows\system32\RPCRT4.dll
0x0000000077230000 - 0x000000007732a000 	C:\windows\system32\USER32.dll
0x000007fefd550000 - 0x000007fefd5b7000 	C:\windows\system32\GDI32.dll
0x000007fefc4e0000 - 0x000007fefc4ee000 	C:\windows\system32\LPK.dll
0x000007fefc740000 - 0x000007fefc809000 	C:\windows\system32\USP10.dll
0x000007fef9f50000 - 0x000007fefa144000 	C:\windows\WinSxS\amd64_microsoft.windows.common-controls_6595b64144ccf1df_6.0.7601.17514_none_fa396087175ac9ac\COMCTL32.dll
0x000007fefc460000 - 0x000007fefc4d1000 	C:\windows\system32\SHLWAPI.dll
0x000007fefccc0000 - 0x000007fefccee000 	C:\windows\system32\IMM32.DLL
0x000007fefd080000 - 0x000007fefd189000 	C:\windows\system32\MSCTF.dll
0x000007fefbfd0000 - 0x000007fefc00c000 	C:\Windows\system32\nvinitx.dll
0x000000000f000000 - 0x000000000f006000 	C:\Program Files\NVIDIA Corporation\CoProcManager\_etoured.dll
0x000007fef8640000 - 0x000007fef8684000 	C:\Program Files\NVIDIA Corporation\CoProcManager\nvd3d9wrapx.dll
0x000007fefd370000 - 0x000007fefd547000 	C:\windows\system32\SETUPAPI.dll
0x000007fefc0d0000 - 0x000007fefc106000 	C:\windows\system32\CFGMGR32.dll
0x000007fefcfa0000 - 0x000007fefd077000 	C:\windows\system32\OLEAUT32.dll
0x000007fefe3e0000 - 0x000007fefe5e3000 	C:\windows\system32\ole32.dll
0x000007fefc110000 - 0x000007fefc12a000 	C:\windows\system32\DEVOBJ.dll
0x000007fef85f0000 - 0x000007fef8632000 	C:\Program Files\NVIDIA Corporation\CoProcManager\nvdxgiwrapx.dll
0x000007fef6db0000 - 0x000007fef6e39000 	C:\Program Files (x86)\AVG\AVG2015\avghooka.dll
0x0000000066140000 - 0x0000000066212000 	C:\Program Files\DS-5\sw\java\bin\msvcr100.dll
0x0000000065970000 - 0x0000000066139000 	C:\Program Files\DS-5\sw\java\bin\server\jvm.dll
0x000007fef8cc0000 - 0x000007fef8cc9000 	C:\windows\system32\WSOCK32.dll
0x000007fefc810000 - 0x000007fefc85d000 	C:\windows\system32\WS2_32.dll
0x000007fefe350000 - 0x000007fefe358000 	C:\windows\system32\NSI.dll
0x000007fefada0000 - 0x000007fefaddb000 	C:\windows\system32\WINMM.dll
0x0000000077500000 - 0x0000000077507000 	C:\windows\system32\PSAPI.DLL
0x0000000073980000 - 0x000000007398f000 	C:\Program Files\DS-5\sw\java\bin\verify.dll
0x0000000073950000 - 0x0000000073978000 	C:\Program Files\DS-5\sw\java\bin\java.dll
0x00000000632a0000 - 0x00000000632d5000 	C:\Program Files\DS-5\sw\java\bin\jdwp.dll
0x0000000073940000 - 0x0000000073948000 	C:\Program Files\DS-5\sw\java\bin\npt.dll
0x00000000738d0000 - 0x00000000738e5000 	C:\Program Files\DS-5\sw\java\bin\zip.dll

VM Arguments:
jvm_args: -agentlib:jdwp=transport=dt_socket,suspend=y,address=localhost:50167 -Dfile.encoding=UTF-8 -Xbootclasspath:C:\tmp\work\android-sdks\platforms\android-19\android.jar 
java_command: com.potlatchClient.unsafe.EasyHttpClient
Launcher Type: SUN_STANDARD

Environment Variables:
JAVA_HOME=C:\Program Files\Java\jdk1.7.0_65
PATH=C:\Program Files\Common Files\Microsoft Shared\Windows Live;C:\Program Files (x86)\Common Files\Microsoft Shared\Windows Live;C:\windows\system32;C:\windows;C:\windows\System32\Wbem;C:\windows\System32\WindowsPowerShell\v1.0\;C:\Program Files\Intel\WiFi\bin\;C:\Program Files\Common Files\Intel\WirelessCommon\;c:\Program Files (x86)\Common Files\Roxio Shared\DLLShared\;c:\Program Files (x86)\Common Files\Roxio Shared\OEM\DLLShared\;c:\Program Files (x86)\Common Files\Roxio Shared\OEM\DLLShared\;c:\Program Files (x86)\Common Files\Roxio Shared\OEM\12.0\DLLShared\;c:\Program Files (x86)\Roxio\OEM\AudioCore\;C:\Program Files (x86)\Windows Live\Shared;C:\tmp\work\apache-ant-1.9.4\bin;C:\Program Files (x86)\CMake 2.8\bin;C:\Program Files (x86)\Subversion\bin;C:\Program Files\Java\jdk1.7.0_65\bin;C:\tmp\work\android-sdks\platform-tools;C:\tmp\work\android-sdks\tools;C:\tmp\work\gradle-2.0\bin;C:\tmp\work\apache-maven-3.2.2\bin;
USERNAME=colin
OS=Windows_NT
PROCESSOR_IDENTIFIER=Intel64 Family 6 Model 42 Stepping 7, GenuineIntel



---------------  S Y S T E M  ---------------

OS: Windows 7 , 64 bit Build 7601 Service Pack 1

CPU:total 8 (4 cores per cpu, 2 threads per core) family 6 model 42 stepping 7, cmov, cx8, fxsr, mmx, sse, sse2, sse3, ssse3, sse4.1, sse4.2, popcnt, avx, aes, ht, tsc, tscinvbit

Memory: 4k page, physical 6196392k(1607688k free), swap 12390920k(6422388k free)

vm_info: Java HotSpot(TM) 64-Bit Server VM (24.45-b08) for windows-amd64 JRE (1.7.0_45-b18), built on Oct  8 2013 05:47:22 by "java_re" with unknown MS VC++:1600

time: Sat Nov 29 23:48:46 2014
elapsed time: 0 seconds

